<?xml version="1.0" encoding="UTF-8"?>
<testng-results skipped="15" failed="0" total="15" passed="0">
  <reporter-output>
  </reporter-output>
  <suite name="Default suite" duration-ms="2820" started-at="2018-06-18T07:05:08Z" finished-at="2018-06-18T07:05:11Z">
    <groups>
    </groups>
    <test name="Default test" duration-ms="2820" started-at="2018-06-18T07:05:08Z" finished-at="2018-06-18T07:05:11Z">
      <class name="testCases.validatefunctionality">
        <test-method status="FAIL" signature="initiateDriverInstance()[pri:0, instance:testCases.validatefunctionality@1d057a39]" name="initiateDriverInstance" is-config="true" duration-ms="0" started-at="2018-06-18T12:35:09Z" finished-at="2018-06-18T12:35:09Z">
          <exception class="org.openqa.selenium.WebDriverException">
            <message>
              <![CDATA[unknown error: failed to write prefs file
  (Driver info: chromedriver=2.37.544315 (730aa6a5fdba159ac9f4c1e8cbc59bf1b5ce12b7),platform=Windows NT 10.0.15063 x86_64) (WARNING: The server did not provide any stacktrace information)
Command duration or timeout: 122 milliseconds
Build info: version: '3.11.0', revision: 'e59cfb3', time: '2018-03-11T20:26:55.152Z'
System info: host: 'DESKTOP-HS19KJN', ip: '192.168.43.116', os.name: 'Windows 10', os.arch: 'amd64', os.version: '10.0', java.version: '1.8.0_171'
Driver info: driver.version: baseDriver]]>
            </message>
            <full-stacktrace>
              <![CDATA[org.openqa.selenium.WebDriverException: unknown error: failed to write prefs file
  (Driver info: chromedriver=2.37.544315 (730aa6a5fdba159ac9f4c1e8cbc59bf1b5ce12b7),platform=Windows NT 10.0.15063 x86_64) (WARNING: The server did not provide any stacktrace information)
Command duration or timeout: 122 milliseconds
Build info: version: '3.11.0', revision: 'e59cfb3', time: '2018-03-11T20:26:55.152Z'
System info: host: 'DESKTOP-HS19KJN', ip: '192.168.43.116', os.name: 'Windows 10', os.arch: 'amd64', os.version: '10.0', java.version: '1.8.0_171'
Driver info: driver.version: baseDriver
	at sun.reflect.NativeConstructorAccessorImpl.newInstance0(Native Method)
	at sun.reflect.NativeConstructorAccessorImpl.newInstance(Unknown Source)
	at sun.reflect.DelegatingConstructorAccessorImpl.newInstance(Unknown Source)
	at java.lang.reflect.Constructor.newInstance(Unknown Source)
	at org.openqa.selenium.remote.ErrorHandler.createThrowable(ErrorHandler.java:214)
	at org.openqa.selenium.remote.ErrorHandler.throwIfResponseFailed(ErrorHandler.java:166)
	at org.openqa.selenium.remote.JsonWireProtocolResponse.lambda$new$0(JsonWireProtocolResponse.java:53)
	at org.openqa.selenium.remote.JsonWireProtocolResponse.lambda$getResponseFunction$2(JsonWireProtocolResponse.java:91)
	at org.openqa.selenium.remote.ProtocolHandshake.lambda$createSession$0(ProtocolHandshake.java:123)
	at java.util.stream.ReferencePipeline$3$1.accept(Unknown Source)
	at java.util.Spliterators$ArraySpliterator.tryAdvance(Unknown Source)
	at java.util.stream.ReferencePipeline.forEachWithCancel(Unknown Source)
	at java.util.stream.AbstractPipeline.copyIntoWithCancel(Unknown Source)
	at java.util.stream.AbstractPipeline.copyInto(Unknown Source)
	at java.util.stream.AbstractPipeline.wrapAndCopyInto(Unknown Source)
	at java.util.stream.FindOps$FindOp.evaluateSequential(Unknown Source)
	at java.util.stream.AbstractPipeline.evaluate(Unknown Source)
	at java.util.stream.ReferencePipeline.findFirst(Unknown Source)
	at org.openqa.selenium.remote.ProtocolHandshake.createSession(ProtocolHandshake.java:126)
	at org.openqa.selenium.remote.ProtocolHandshake.createSession(ProtocolHandshake.java:73)
	at org.openqa.selenium.remote.HttpCommandExecutor.execute(HttpCommandExecutor.java:136)
	at org.openqa.selenium.remote.service.DriverCommandExecutor.execute(DriverCommandExecutor.java:83)
	at org.openqa.selenium.remote.RemoteWebDriver.execute(RemoteWebDriver.java:545)
	at org.openqa.selenium.remote.RemoteWebDriver.startSession(RemoteWebDriver.java:209)
	at org.openqa.selenium.remote.RemoteWebDriver.<init>(RemoteWebDriver.java:132)
	at org.openqa.selenium.chrome.ChromeDriver.<init>(ChromeDriver.java:181)
	at org.openqa.selenium.chrome.ChromeDriver.<init>(ChromeDriver.java:168)
	at org.openqa.selenium.chrome.ChromeDriver.<init>(ChromeDriver.java:123)
	at driverInstance.baseDriver.initiateDriverInstance(baseDriver.java:23)
	at sun.reflect.NativeMethodAccessorImpl.invoke0(Native Method)
	at sun.reflect.NativeMethodAccessorImpl.invoke(Unknown Source)
	at sun.reflect.DelegatingMethodAccessorImpl.invoke(Unknown Source)
	at java.lang.reflect.Method.invoke(Unknown Source)
	at org.testng.internal.MethodInvocationHelper.invokeMethod(MethodInvocationHelper.java:84)
	at org.testng.internal.Invoker.invokeConfigurationMethod(Invoker.java:564)
	at org.testng.internal.Invoker.invokeConfigurations(Invoker.java:213)
	at org.testng.internal.Invoker.invokeMethod(Invoker.java:653)
	at org.testng.internal.Invoker.invokeTestMethod(Invoker.java:901)
	at org.testng.internal.Invoker.invokeTestMethods(Invoker.java:1231)
	at org.testng.internal.TestMethodWorker.invokeTestMethods(TestMethodWorker.java:127)
	at org.testng.internal.TestMethodWorker.run(TestMethodWorker.java:111)
	at org.testng.TestRunner.privateRun(TestRunner.java:767)
	at org.testng.TestRunner.run(TestRunner.java:617)
	at org.testng.SuiteRunner.runTest(SuiteRunner.java:334)
	at org.testng.SuiteRunner.runSequentially(SuiteRunner.java:329)
	at org.testng.SuiteRunner.privateRun(SuiteRunner.java:291)
	at org.testng.SuiteRunner.run(SuiteRunner.java:240)
	at org.testng.SuiteRunnerWorker.runSuite(SuiteRunnerWorker.java:52)
	at org.testng.SuiteRunnerWorker.run(SuiteRunnerWorker.java:86)
	at org.testng.TestNG.runSuitesSequentially(TestNG.java:1224)
	at org.testng.TestNG.runSuitesLocally(TestNG.java:1149)
	at org.testng.TestNG.run(TestNG.java:1057)
	at org.testng.remote.AbstractRemoteTestNG.run(AbstractRemoteTestNG.java:114)
	at org.testng.remote.RemoteTestNG.initAndRun(RemoteTestNG.java:251)
	at org.testng.remote.RemoteTestNG.main(RemoteTestNG.java:77)
]]>
            </full-stacktrace>
          </exception> <!-- org.openqa.selenium.WebDriverException -->
          <reporter-output>
          </reporter-output>
        </test-method> <!-- initiateDriverInstance -->
        <test-method status="SKIP" signature="loginfunc(java.lang.String, java.lang.String)[pri:0, instance:testCases.validatefunctionality@1d057a39]" name="loginfunc" duration-ms="3" started-at="2018-06-18T12:35:11Z" data-provider="Static" finished-at="2018-06-18T12:35:11Z">
          <params>
            <param index="0">
              <value>
                <![CDATA[Username1]]>
              </value>
            </param>
            <param index="1">
              <value>
                <![CDATA[Password1]]>
              </value>
            </param>
          </params>
          <reporter-output>
          </reporter-output>
        </test-method> <!-- loginfunc -->
        <test-method status="SKIP" signature="initiateDriverInstance()[pri:0, instance:testCases.validatefunctionality@1d057a39]" name="initiateDriverInstance" is-config="true" duration-ms="0" started-at="2018-06-18T12:35:11Z" finished-at="2018-06-18T12:35:11Z">
          <reporter-output>
          </reporter-output>
        </test-method> <!-- initiateDriverInstance -->
        <test-method status="SKIP" signature="loginfunc(java.lang.String, java.lang.String)[pri:0, instance:testCases.validatefunctionality@1d057a39]" name="loginfunc" duration-ms="2" started-at="2018-06-18T12:35:11Z" data-provider="Static" finished-at="2018-06-18T12:35:11Z">
          <params>
            <param index="0">
              <value>
                <![CDATA[Username2]]>
              </value>
            </param>
            <param index="1">
              <value>
                <![CDATA[Password2]]>
              </value>
            </param>
          </params>
          <reporter-output>
          </reporter-output>
        </test-method> <!-- loginfunc -->
        <test-method status="SKIP" signature="initiateDriverInstance()[pri:0, instance:testCases.validatefunctionality@1d057a39]" name="initiateDriverInstance" is-config="true" duration-ms="0" started-at="2018-06-18T12:35:11Z" finished-at="2018-06-18T12:35:11Z">
          <reporter-output>
          </reporter-output>
        </test-method> <!-- initiateDriverInstance -->
        <test-method status="SKIP" signature="loginfunc(java.lang.String, java.lang.String)[pri:0, instance:testCases.validatefunctionality@1d057a39]" name="loginfunc" duration-ms="3" started-at="2018-06-18T12:35:11Z" data-provider="Static" finished-at="2018-06-18T12:35:11Z">
          <params>
            <param index="0">
              <value>
                <![CDATA[Username3]]>
              </value>
            </param>
            <param index="1">
              <value>
                <![CDATA[Password3]]>
              </value>
            </param>
          </params>
          <reporter-output>
          </reporter-output>
        </test-method> <!-- loginfunc -->
        <test-method status="SKIP" signature="initiateDriverInstance()[pri:0, instance:testCases.validatefunctionality@1d057a39]" name="initiateDriverInstance" is-config="true" duration-ms="0" started-at="2018-06-18T12:35:11Z" finished-at="2018-06-18T12:35:11Z">
          <reporter-output>
          </reporter-output>
        </test-method> <!-- initiateDriverInstance -->
        <test-method status="SKIP" signature="loginfunc(java.lang.String, java.lang.String)[pri:0, instance:testCases.validatefunctionality@1d057a39]" name="loginfunc" duration-ms="2" started-at="2018-06-18T12:35:11Z" data-provider="Static" finished-at="2018-06-18T12:35:11Z">
          <params>
            <param index="0">
              <value>
                <![CDATA[Username4]]>
              </value>
            </param>
            <param index="1">
              <value>
                <![CDATA[Password4]]>
              </value>
            </param>
          </params>
          <reporter-output>
          </reporter-output>
        </test-method> <!-- loginfunc -->
        <test-method status="SKIP" signature="initiateDriverInstance()[pri:0, instance:testCases.validatefunctionality@1d057a39]" name="initiateDriverInstance" is-config="true" duration-ms="0" started-at="2018-06-18T12:35:11Z" finished-at="2018-06-18T12:35:11Z">
          <reporter-output>
          </reporter-output>
        </test-method> <!-- initiateDriverInstance -->
        <test-method status="SKIP" signature="loginfunc(java.lang.String, java.lang.String)[pri:0, instance:testCases.validatefunctionality@1d057a39]" name="loginfunc" duration-ms="3" started-at="2018-06-18T12:35:11Z" data-provider="Static" finished-at="2018-06-18T12:35:11Z">
          <params>
            <param index="0">
              <value>
                <![CDATA[Username5]]>
              </value>
            </param>
            <param index="1">
              <value>
                <![CDATA[Password5]]>
              </value>
            </param>
          </params>
          <reporter-output>
          </reporter-output>
        </test-method> <!-- loginfunc -->
        <test-method status="SKIP" signature="initiateDriverInstance()[pri:0, instance:testCases.validatefunctionality@1d057a39]" name="initiateDriverInstance" is-config="true" duration-ms="0" started-at="2018-06-18T12:35:11Z" finished-at="2018-06-18T12:35:11Z">
          <reporter-output>
          </reporter-output>
        </test-method> <!-- initiateDriverInstance -->
        <test-method status="SKIP" signature="loginfunc(java.lang.String, java.lang.String)[pri:0, instance:testCases.validatefunctionality@1d057a39]" name="loginfunc" duration-ms="9" started-at="2018-06-18T12:35:11Z" data-provider="Static" finished-at="2018-06-18T12:35:11Z">
          <params>
            <param index="0">
              <value>
                <![CDATA[Username6]]>
              </value>
            </param>
            <param index="1">
              <value>
                <![CDATA[Password6]]>
              </value>
            </param>
          </params>
          <reporter-output>
          </reporter-output>
        </test-method> <!-- loginfunc -->
        <test-method status="SKIP" signature="initiateDriverInstance()[pri:0, instance:testCases.validatefunctionality@1d057a39]" name="initiateDriverInstance" is-config="true" duration-ms="0" started-at="2018-06-18T12:35:11Z" finished-at="2018-06-18T12:35:11Z">
          <reporter-output>
          </reporter-output>
        </test-method> <!-- initiateDriverInstance -->
        <test-method status="SKIP" signature="loginfunc(java.lang.String, java.lang.String)[pri:0, instance:testCases.validatefunctionality@1d057a39]" name="loginfunc" duration-ms="1" started-at="2018-06-18T12:35:11Z" data-provider="Static" finished-at="2018-06-18T12:35:11Z">
          <params>
            <param index="0">
              <value>
                <![CDATA[Username7]]>
              </value>
            </param>
            <param index="1">
              <value>
                <![CDATA[Password7]]>
              </value>
            </param>
          </params>
          <reporter-output>
          </reporter-output>
        </test-method> <!-- loginfunc -->
        <test-method status="SKIP" signature="initiateDriverInstance()[pri:0, instance:testCases.validatefunctionality@1d057a39]" name="initiateDriverInstance" is-config="true" duration-ms="0" started-at="2018-06-18T12:35:11Z" finished-at="2018-06-18T12:35:11Z">
          <reporter-output>
          </reporter-output>
        </test-method> <!-- initiateDriverInstance -->
        <test-method status="SKIP" signature="loginfunc(java.lang.String, java.lang.String)[pri:0, instance:testCases.validatefunctionality@1d057a39]" name="loginfunc" duration-ms="1" started-at="2018-06-18T12:35:11Z" data-provider="Static" finished-at="2018-06-18T12:35:11Z">
          <params>
            <param index="0">
              <value>
                <![CDATA[Username8]]>
              </value>
            </param>
            <param index="1">
              <value>
                <![CDATA[Password8]]>
              </value>
            </param>
          </params>
          <reporter-output>
          </reporter-output>
        </test-method> <!-- loginfunc -->
        <test-method status="SKIP" signature="initiateDriverInstance()[pri:0, instance:testCases.validatefunctionality@1d057a39]" name="initiateDriverInstance" is-config="true" duration-ms="0" started-at="2018-06-18T12:35:11Z" finished-at="2018-06-18T12:35:11Z">
          <reporter-output>
          </reporter-output>
        </test-method> <!-- initiateDriverInstance -->
        <test-method status="SKIP" signature="loginfunc(java.lang.String, java.lang.String)[pri:0, instance:testCases.validatefunctionality@1d057a39]" name="loginfunc" duration-ms="1" started-at="2018-06-18T12:35:11Z" data-provider="Static" finished-at="2018-06-18T12:35:11Z">
          <params>
            <param index="0">
              <value>
                <![CDATA[Username9]]>
              </value>
            </param>
            <param index="1">
              <value>
                <![CDATA[Password9]]>
              </value>
            </param>
          </params>
          <reporter-output>
          </reporter-output>
        </test-method> <!-- loginfunc -->
        <test-method status="SKIP" signature="initiateDriverInstance()[pri:0, instance:testCases.validatefunctionality@1d057a39]" name="initiateDriverInstance" is-config="true" duration-ms="0" started-at="2018-06-18T12:35:11Z" finished-at="2018-06-18T12:35:11Z">
          <reporter-output>
          </reporter-output>
        </test-method> <!-- initiateDriverInstance -->
        <test-method status="SKIP" signature="loginfunc(java.lang.String, java.lang.String)[pri:0, instance:testCases.validatefunctionality@1d057a39]" name="loginfunc" duration-ms="1" started-at="2018-06-18T12:35:11Z" data-provider="Static" finished-at="2018-06-18T12:35:11Z">
          <params>
            <param index="0">
              <value>
                <![CDATA[Username10]]>
              </value>
            </param>
            <param index="1">
              <value>
                <![CDATA[Password10]]>
              </value>
            </param>
          </params>
          <reporter-output>
          </reporter-output>
        </test-method> <!-- loginfunc -->
        <test-method status="SKIP" signature="initiateDriverInstance()[pri:0, instance:testCases.validatefunctionality@1d057a39]" name="initiateDriverInstance" is-config="true" duration-ms="0" started-at="2018-06-18T12:35:11Z" finished-at="2018-06-18T12:35:11Z">
          <reporter-output>
          </reporter-output>
        </test-method> <!-- initiateDriverInstance -->
        <test-method status="SKIP" signature="loginfunc(java.lang.String, java.lang.String)[pri:0, instance:testCases.validatefunctionality@1d057a39]" name="loginfunc" duration-ms="1" started-at="2018-06-18T12:35:11Z" data-provider="Static" finished-at="2018-06-18T12:35:11Z">
          <params>
            <param index="0">
              <value>
                <![CDATA[Username11]]>
              </value>
            </param>
            <param index="1">
              <value>
                <![CDATA[Password11]]>
              </value>
            </param>
          </params>
          <reporter-output>
          </reporter-output>
        </test-method> <!-- loginfunc -->
        <test-method status="SKIP" signature="initiateDriverInstance()[pri:0, instance:testCases.validatefunctionality@1d057a39]" name="initiateDriverInstance" is-config="true" duration-ms="0" started-at="2018-06-18T12:35:11Z" finished-at="2018-06-18T12:35:11Z">
          <reporter-output>
          </reporter-output>
        </test-method> <!-- initiateDriverInstance -->
        <test-method status="SKIP" signature="loginfunc(java.lang.String, java.lang.String)[pri:0, instance:testCases.validatefunctionality@1d057a39]" name="loginfunc" duration-ms="2" started-at="2018-06-18T12:35:11Z" data-provider="Static" finished-at="2018-06-18T12:35:11Z">
          <params>
            <param index="0">
              <value>
                <![CDATA[Username12]]>
              </value>
            </param>
            <param index="1">
              <value>
                <![CDATA[Password12]]>
              </value>
            </param>
          </params>
          <reporter-output>
          </reporter-output>
        </test-method> <!-- loginfunc -->
        <test-method status="SKIP" signature="initiateDriverInstance()[pri:0, instance:testCases.validatefunctionality@1d057a39]" name="initiateDriverInstance" is-config="true" duration-ms="0" started-at="2018-06-18T12:35:11Z" finished-at="2018-06-18T12:35:11Z">
          <reporter-output>
          </reporter-output>
        </test-method> <!-- initiateDriverInstance -->
        <test-method status="SKIP" signature="loginfunc(java.lang.String, java.lang.String)[pri:0, instance:testCases.validatefunctionality@1d057a39]" name="loginfunc" duration-ms="2" started-at="2018-06-18T12:35:11Z" data-provider="Static" finished-at="2018-06-18T12:35:11Z">
          <params>
            <param index="0">
              <value>
                <![CDATA[Username13]]>
              </value>
            </param>
            <param index="1">
              <value>
                <![CDATA[Password13]]>
              </value>
            </param>
          </params>
          <reporter-output>
          </reporter-output>
        </test-method> <!-- loginfunc -->
        <test-method status="SKIP" signature="initiateDriverInstance()[pri:0, instance:testCases.validatefunctionality@1d057a39]" name="initiateDriverInstance" is-config="true" duration-ms="0" started-at="2018-06-18T12:35:11Z" finished-at="2018-06-18T12:35:11Z">
          <reporter-output>
          </reporter-output>
        </test-method> <!-- initiateDriverInstance -->
        <test-method status="SKIP" signature="loginfunc(java.lang.String, java.lang.String)[pri:0, instance:testCases.validatefunctionality@1d057a39]" name="loginfunc" duration-ms="2" started-at="2018-06-18T12:35:11Z" data-provider="Static" finished-at="2018-06-18T12:35:11Z">
          <params>
            <param index="0">
              <value>
                <![CDATA[Username14]]>
              </value>
            </param>
            <param index="1">
              <value>
                <![CDATA[Password14]]>
              </value>
            </param>
          </params>
          <reporter-output>
          </reporter-output>
        </test-method> <!-- loginfunc -->
        <test-method status="SKIP" signature="initiateDriverInstance()[pri:0, instance:testCases.validatefunctionality@1d057a39]" name="initiateDriverInstance" is-config="true" duration-ms="0" started-at="2018-06-18T12:35:11Z" finished-at="2018-06-18T12:35:11Z">
          <reporter-output>
          </reporter-output>
        </test-method> <!-- initiateDriverInstance -->
        <test-method status="SKIP" signature="loginfunc(java.lang.String, java.lang.String)[pri:0, instance:testCases.validatefunctionality@1d057a39]" name="loginfunc" duration-ms="2" started-at="2018-06-18T12:35:11Z" data-provider="Static" finished-at="2018-06-18T12:35:11Z">
          <params>
            <param index="0">
              <value>
                <![CDATA[Username15]]>
              </value>
            </param>
            <param index="1">
              <value>
                <![CDATA[Password15]]>
              </value>
            </param>
          </params>
          <reporter-output>
          </reporter-output>
        </test-method> <!-- loginfunc -->
        <test-method status="SKIP" signature="TearDown(org.openqa.selenium.WebDriver)[pri:0, instance:testCases.validatefunctionality@1d057a39]" name="TearDown" is-config="true" duration-ms="0" started-at="2018-06-18T12:35:11Z" finished-at="2018-06-18T12:35:11Z">
          <reporter-output>
          </reporter-output>
        </test-method> <!-- TearDown -->
      </class> <!-- testCases.validatefunctionality -->
    </test> <!-- Default test -->
  </suite> <!-- Default suite -->
</testng-results>
